[ 2018-01-19T16:53:25+08:00 ] 127.0.0.1 /Tp3.2carshop/Public/pc/style/urlredirect.js
INFO: [ app_init ] --START--
INFO: Run Behavior\BuildLiteBehavior [ RunTime:0.000096s ]
INFO: [ app_init ] --END-- [ RunTime:0.001738s ]
ERR: 无法加载模块:Public

[ 2018-01-19T16:53:25+08:00 ] 127.0.0.1 /Tp3.2carshop/Public/pc/style/jbox/jquery.jBox-2.3.min.js
INFO: [ app_init ] --START--
INFO: Run Behavior\BuildLiteBehavior [ RunTime:0.000098s ]
INFO: [ app_init ] --END-- [ RunTime:0.002149s ]
ERR: 无法加载模块:Public

[ 2018-01-19T16:53:26+08:00 ] 127.0.0.1 /Tp3.2carshop/Public/pc/style/jbox.css
INFO: [ app_init ] --START--
INFO: Run Behavior\BuildLiteBehavior [ RunTime:0.000537s ]
INFO: [ app_init ] --END-- [ RunTime:0.006483s ]
ERR: 无法加载模块:Public

[ 2018-01-19T16:53:26+08:00 ] 127.0.0.1 /Tp3.2carshop/Public/pc/style/style.css
INFO: [ app_init ] --START--
INFO: Run Behavior\BuildLiteBehavior [ RunTime:0.000148s ]
INFO: [ app_init ] --END-- [ RunTime:0.001974s ]
ERR: 无法加载模块:Public

[ 2018-01-19T16:53:26+08:00 ] 127.0.0.1 /Tp3.2carshop/Public/pc/style/menu.js
INFO: [ app_init ] --START--
INFO: Run Behavior\BuildLiteBehavior [ RunTime:0.000095s ]
INFO: [ app_init ] --END-- [ RunTime:0.002215s ]
ERR: 无法加载模块:Public

[ 2018-01-19T16:53:26+08:00 ] 127.0.0.1 /Tp3.2carshop/Public/pc/style/search.js
INFO: [ app_init ] --START--
INFO: Run Behavior\BuildLiteBehavior [ RunTime:0.000100s ]
INFO: [ app_init ] --END-- [ RunTime:0.003274s ]
ERR: 无法加载模块:Public

[ 2018-01-19T16:53:26+08:00 ] 127.0.0.1 /Tp3.2carshop/Public/pc/style/functions.js
INFO: [ app_init ] --START--
INFO: Run Behavior\BuildLiteBehavior [ RunTime:0.000107s ]
INFO: [ app_init ] --END-- [ RunTime:0.001835s ]
ERR: 无法加载模块:Public

[ 2018-01-19T16:53:26+08:00 ] 127.0.0.1 /Tp3.2carshop/Public/pc/style/slides.min.jquery.js
INFO: [ app_init ] --START--
INFO: Run Behavior\BuildLiteBehavior [ RunTime:0.000093s ]
INFO: [ app_init ] --END-- [ RunTime:0.001678s ]
ERR: 无法加载模块:Public

[ 2018-01-19T16:53:26+08:00 ] 127.0.0.1 /Tp3.2carshop/Public/pc/style/jquery.js
INFO: [ app_init ] --START--
INFO: Run Behavior\BuildLiteBehavior [ RunTime:0.000086s ]
INFO: [ app_init ] --END-- [ RunTime:0.001559s ]
ERR: 无法加载模块:Public

[ 2018-01-19T16:53:26+08:00 ] 127.0.0.1 /Tp3.2carshop/index.php/js/jquery.lightbox-0.5.min.js
INFO: [ app_init ] --START--
INFO: Run Behavior\BuildLiteBehavior [ RunTime:0.000719s ]
INFO: [ app_init ] --END-- [ RunTime:0.006775s ]
ERR: 无法加载模块:Js

[ 2018-01-19T16:53:26+08:00 ] 127.0.0.1 /Tp3.2carshop/Public/pc/style/jquery.touchSlider.js
INFO: [ app_init ] --START--
INFO: Run Behavior\BuildLiteBehavior [ RunTime:0.000096s ]
INFO: [ app_init ] --END-- [ RunTime:0.003532s ]
ERR: 无法加载模块:Public

[ 2018-01-19T16:53:26+08:00 ] 127.0.0.1 /Tp3.2carshop/Public/pc/style/functions.js
INFO: [ app_init ] --START--
INFO: Run Behavior\BuildLiteBehavior [ RunTime:0.000145s ]
INFO: [ app_init ] --END-- [ RunTime:0.002701s ]
ERR: 无法加载模块:Public

[ 2018-01-19T16:53:26+08:00 ] 127.0.0.1 /Tp3.2carshop/Public/pc/style/jQselect.js
INFO: [ app_init ] --START--
INFO: Run Behavior\BuildLiteBehavior [ RunTime:0.000818s ]
INFO: [ app_init ] --END-- [ RunTime:0.007623s ]
ERR: 无法加载模块:Public

[ 2018-01-19T16:53:26+08:00 ] 127.0.0.1 /Tp3.2carshop/Public/pc/style/validForm/FormValid.js
INFO: [ app_init ] --START--
INFO: Run Behavior\BuildLiteBehavior [ RunTime:0.000092s ]
INFO: [ app_init ] --END-- [ RunTime:0.007907s ]
ERR: 无法加载模块:Public

[ 2018-01-19T16:53:26+08:00 ] 127.0.0.1 /Tp3.2carshop/Public/pc/style/jbox/jquery.jBox-2.3.min.js
INFO: [ app_init ] --START--
INFO: Run Behavior\BuildLiteBehavior [ RunTime:0.000097s ]
INFO: [ app_init ] --END-- [ RunTime:0.001907s ]
ERR: 无法加载模块:Public

[ 2018-01-19T16:53:26+08:00 ] 127.0.0.1 /Tp3.2carshop/Public/pc/style/search.js
INFO: [ app_init ] --START--
INFO: Run Behavior\BuildLiteBehavior [ RunTime:0.000102s ]
INFO: [ app_init ] --END-- [ RunTime:0.002042s ]
ERR: 无法加载模块:Public

[ 2018-01-19T16:53:26+08:00 ] 127.0.0.1 /Tp3.2carshop/Public/pc/style/menu.js
INFO: [ app_init ] --START--
INFO: Run Behavior\BuildLiteBehavior [ RunTime:0.000106s ]
INFO: [ app_init ] --END-- [ RunTime:0.002175s ]
ERR: 无法加载模块:Public

[ 2018-01-19T16:53:26+08:00 ] 127.0.0.1 /Tp3.2carshop/Public/pc/style/jQselect.js
INFO: [ app_init ] --START--
INFO: Run Behavior\BuildLiteBehavior [ RunTime:0.000100s ]
INFO: [ app_init ] --END-- [ RunTime:0.002194s ]
ERR: 无法加载模块:Public

[ 2018-01-19T16:53:26+08:00 ] 127.0.0.1 /Tp3.2carshop/Public/pc/style/slides.min.jquery.js
INFO: [ app_init ] --START--
INFO: Run Behavior\BuildLiteBehavior [ RunTime:0.000177s ]
INFO: [ app_init ] --END-- [ RunTime:0.002089s ]
ERR: 无法加载模块:Public

[ 2018-01-19T16:53:26+08:00 ] 127.0.0.1 /Tp3.2carshop/Public/pc/style/jquery.touchSlider.js
INFO: [ app_init ] --START--
INFO: Run Behavior\BuildLiteBehavior [ RunTime:0.000098s ]
INFO: [ app_init ] --END-- [ RunTime:0.004166s ]
ERR: 无法加载模块:Public

[ 2018-01-19T16:53:26+08:00 ] 127.0.0.1 /Tp3.2carshop/index.php/js/jquery.lightbox-0.5.min.js
INFO: [ app_init ] --START--
INFO: Run Behavior\BuildLiteBehavior [ RunTime:0.000090s ]
INFO: [ app_init ] --END-- [ RunTime:0.001637s ]
ERR: 无法加载模块:Js

[ 2018-01-19T16:55:25+08:00 ] 127.0.0.1 /Tp3.2carshop/Public/Home/style/jbox/jquery.jBox-2.3.min.js
INFO: [ app_init ] --START--
INFO: Run Behavior\BuildLiteBehavior [ RunTime:0.000095s ]
INFO: [ app_init ] --END-- [ RunTime:0.006913s ]
ERR: 无法加载模块:Public

[ 2018-01-19T16:55:25+08:00 ] 127.0.0.1 /Tp3.2carshop/Public/Home/style/validForm/FormValid.js
INFO: [ app_init ] --START--
INFO: Run Behavior\BuildLiteBehavior [ RunTime:0.000084s ]
INFO: [ app_init ] --END-- [ RunTime:0.005401s ]
ERR: 无法加载模块:Public

[ 2018-01-19T16:55:25+08:00 ] 127.0.0.1 /Tp3.2carshop/index.php/js/jquery.lightbox-0.5.min.js
INFO: [ app_init ] --START--
INFO: Run Behavior\BuildLiteBehavior [ RunTime:0.000100s ]
INFO: [ app_init ] --END-- [ RunTime:0.003767s ]
ERR: 无法加载模块:Js

[ 2018-01-19T16:55:25+08:00 ] 127.0.0.1 /Tp3.2carshop/Public/Home/style/jbox/jquery.jBox-2.3.min.js
INFO: [ app_init ] --START--
INFO: Run Behavior\BuildLiteBehavior [ RunTime:0.000087s ]
INFO: [ app_init ] --END-- [ RunTime:0.002279s ]
ERR: 无法加载模块:Public

[ 2018-01-19T16:55:25+08:00 ] 127.0.0.1 /Tp3.2carshop/index.php/js/jquery.lightbox-0.5.min.js
INFO: [ app_init ] --START--
INFO: Run Behavior\BuildLiteBehavior [ RunTime:0.000086s ]
INFO: [ app_init ] --END-- [ RunTime:0.001755s ]
ERR: 无法加载模块:Js

[ 2018-01-19T16:55:35+08:00 ] 127.0.0.1 /Tp3.2carshop/index.php/news.php
INFO: [ app_init ] --START--
INFO: Run Behavior\BuildLiteBehavior [ RunTime:0.000097s ]
INFO: [ app_init ] --END-- [ RunTime:0.001564s ]
ERR: 无法加载模块:News

[ 2018-01-19T20:08:57+08:00 ] ::1 /Tp3.2carshop/index.php/style/urlredirect.js
INFO: [ app_init ] --START--
INFO: Run Behavior\BuildLiteBehavior [ RunTime:0.000110s ]
INFO: [ app_init ] --END-- [ RunTime:0.002385s ]
ERR: 无法加载模块:Style

[ 2018-01-19T20:08:57+08:00 ] ::1 /Tp3.2carshop/index.php/style/style.css
INFO: [ app_init ] --START--
INFO: Run Behavior\BuildLiteBehavior [ RunTime:0.000103s ]
INFO: [ app_init ] --END-- [ RunTime:0.003049s ]
ERR: 无法加载模块:Style

[ 2018-01-19T20:08:57+08:00 ] ::1 /Tp3.2carshop/index.php/style/functions.js
INFO: [ app_init ] --START--
INFO: Run Behavior\BuildLiteBehavior [ RunTime:0.000090s ]
INFO: [ app_init ] --END-- [ RunTime:0.001931s ]
ERR: 无法加载模块:Style

[ 2018-01-19T20:08:57+08:00 ] ::1 /Tp3.2carshop/index.php/style/jbox/jquery.jBox-2.3.min.js
INFO: [ app_init ] --START--
INFO: Run Behavior\BuildLiteBehavior [ RunTime:0.000282s ]
INFO: [ app_init ] --END-- [ RunTime:0.012065s ]
ERR: 无法加载模块:Style

[ 2018-01-19T20:08:57+08:00 ] ::1 /Tp3.2carshop/index.php/style/search.js
INFO: [ app_init ] --START--
INFO: Run Behavior\BuildLiteBehavior [ RunTime:0.000134s ]
INFO: [ app_init ] --END-- [ RunTime:0.003958s ]
ERR: 无法加载模块:Style

[ 2018-01-19T20:08:57+08:00 ] ::1 /Tp3.2carshop/index.php/style/jbox.css
INFO: [ app_init ] --START--
INFO: Run Behavior\BuildLiteBehavior [ RunTime:0.000124s ]
INFO: [ app_init ] --END-- [ RunTime:0.003857s ]
ERR: 无法加载模块:Style

[ 2018-01-19T20:08:57+08:00 ] ::1 /Tp3.2carshop/index.php/style/slides.min.jquery.js
INFO: [ app_init ] --START--
INFO: Run Behavior\BuildLiteBehavior [ RunTime:0.000129s ]
INFO: [ app_init ] --END-- [ RunTime:0.002652s ]
ERR: 无法加载模块:Style

[ 2018-01-19T20:08:57+08:00 ] ::1 /Tp3.2carshop/index.php/style/menu.js
INFO: [ app_init ] --START--
INFO: Run Behavior\BuildLiteBehavior [ RunTime:0.000121s ]
INFO: [ app_init ] --END-- [ RunTime:0.002672s ]
ERR: 无法加载模块:Style

[ 2018-01-19T20:08:57+08:00 ] ::1 /Tp3.2carshop/index.php/js/jquery.lightbox-0.5.min.js
INFO: [ app_init ] --START--
INFO: Run Behavior\BuildLiteBehavior [ RunTime:0.000114s ]
INFO: [ app_init ] --END-- [ RunTime:0.001922s ]
ERR: 无法加载模块:Js

[ 2018-01-19T20:08:57+08:00 ] ::1 /Tp3.2carshop/index.php/style/jquery.touchSlider.js
INFO: [ app_init ] --START--
INFO: Run Behavior\BuildLiteBehavior [ RunTime:0.000335s ]
INFO: [ app_init ] --END-- [ RunTime:0.002764s ]
ERR: 无法加载模块:Style

[ 2018-01-19T20:08:58+08:00 ] ::1 /Tp3.2carshop/index.php/style/jQselect.js
INFO: [ app_init ] --START--
INFO: Run Behavior\BuildLiteBehavior [ RunTime:0.000119s ]
INFO: [ app_init ] --END-- [ RunTime:0.009032s ]
ERR: 无法加载模块:Style

[ 2018-01-19T20:08:58+08:00 ] ::1 /Tp3.2carshop/index.php/style/functions.js
INFO: [ app_init ] --START--
INFO: Run Behavior\BuildLiteBehavior [ RunTime:0.000103s ]
INFO: [ app_init ] --END-- [ RunTime:0.002171s ]
ERR: 无法加载模块:Style

[ 2018-01-19T20:08:58+08:00 ] ::1 /Tp3.2carshop/index.php/style/validForm/FormValid.js
INFO: [ app_init ] --START--
INFO: Run Behavior\BuildLiteBehavior [ RunTime:0.000367s ]
INFO: [ app_init ] --END-- [ RunTime:0.005226s ]
ERR: 无法加载模块:Style

[ 2018-01-19T20:08:58+08:00 ] ::1 /Tp3.2carshop/index.php/images/20150810101106-46672245394438504.jpg
INFO: [ app_init ] --START--
INFO: Run Behavior\BuildLiteBehavior [ RunTime:0.000113s ]
INFO: [ app_init ] --END-- [ RunTime:0.002710s ]
ERR: 无法加载模块:Images

[ 2018-01-19T20:08:58+08:00 ] ::1 /Tp3.2carshop/index.php/images/20150810100919-38210531882941720.jpg
INFO: [ app_init ] --START--
INFO: Run Behavior\BuildLiteBehavior [ RunTime:0.000111s ]
INFO: [ app_init ] --END-- [ RunTime:0.002692s ]
ERR: 无法加载模块:Images

[ 2018-01-19T20:08:58+08:00 ] ::1 /Tp3.2carshop/index.php/images/20150810101641-64434476010501384.jpg
INFO: [ app_init ] --START--
INFO: Run Behavior\BuildLiteBehavior [ RunTime:0.000098s ]
INFO: [ app_init ] --END-- [ RunTime:0.002431s ]
ERR: 无法加载模块:Images

[ 2018-01-19T20:08:58+08:00 ] ::1 /Tp3.2carshop/index.php/style/jbox/jquery.jBox-2.3.min.js
INFO: [ app_init ] --START--
INFO: Run Behavior\BuildLiteBehavior [ RunTime:0.000140s ]
INFO: [ app_init ] --END-- [ RunTime:0.001852s ]
ERR: 无法加载模块:Style

[ 2018-01-19T20:08:58+08:00 ] ::1 /Tp3.2carshop/index.php/images/20150810100905-58394173160195352.jpg
INFO: [ app_init ] --START--
INFO: Run Behavior\BuildLiteBehavior [ RunTime:0.000110s ]
INFO: [ app_init ] --END-- [ RunTime:0.002343s ]
ERR: 无法加载模块:Images

[ 2018-01-19T20:08:58+08:00 ] ::1 /Tp3.2carshop/index.php/images/20150810101634-35172443836927412.jpg
INFO: [ app_init ] --START--
INFO: Run Behavior\BuildLiteBehavior [ RunTime:0.000122s ]
INFO: [ app_init ] --END-- [ RunTime:0.004569s ]
ERR: 无法加载模块:Images

[ 2018-01-19T20:08:58+08:00 ] ::1 /Tp3.2carshop/index.php/images/20150810101649-98561866441741584.jpg
INFO: [ app_init ] --START--
INFO: Run Behavior\BuildLiteBehavior [ RunTime:0.000109s ]
INFO: [ app_init ] --END-- [ RunTime:0.002373s ]
ERR: 无法加载模块:Images

[ 2018-01-19T20:08:58+08:00 ] ::1 /Tp3.2carshop/index.php/images/logo.png
INFO: [ app_init ] --START--
INFO: Run Behavior\BuildLiteBehavior [ RunTime:0.000121s ]
INFO: [ app_init ] --END-- [ RunTime:0.002362s ]
ERR: 无法加载模块:Images

[ 2018-01-19T20:08:58+08:00 ] ::1 /Tp3.2carshop/index.php/images/20150804142615-1490638500.jpg
INFO: [ app_init ] --START--
INFO: Run Behavior\BuildLiteBehavior [ RunTime:0.000218s ]
INFO: [ app_init ] --END-- [ RunTime:0.001932s ]
ERR: 无法加载模块:Images

[ 2018-01-19T20:08:58+08:00 ] ::1 /Tp3.2carshop/index.php/images/20150810100856-61052986513823272.jpg
INFO: [ app_init ] --START--
INFO: Run Behavior\BuildLiteBehavior [ RunTime:0.000179s ]
INFO: [ app_init ] --END-- [ RunTime:0.003937s ]
ERR: 无法加载模块:Images

[ 2018-01-19T20:08:58+08:00 ] ::1 /Tp3.2carshop/index.php/images/20150804142607-500806644.jpg
INFO: [ app_init ] --START--
INFO: Run Behavior\BuildLiteBehavior [ RunTime:0.000120s ]
INFO: [ app_init ] --END-- [ RunTime:0.012656s ]
ERR: 无法加载模块:Images

[ 2018-01-19T20:08:58+08:00 ] ::1 /Tp3.2carshop/index.php/images/20150804142600-629205096.jpg
INFO: [ app_init ] --START--
INFO: Run Behavior\BuildLiteBehavior [ RunTime:0.000128s ]
INFO: [ app_init ] --END-- [ RunTime:0.004308s ]
ERR: 无法加载模块:Images

[ 2018-01-19T20:08:58+08:00 ] ::1 /Tp3.2carshop/index.php/images/20150804142611-1195336428.jpg
INFO: [ app_init ] --START--
INFO: Run Behavior\BuildLiteBehavior [ RunTime:0.000162s ]
INFO: [ app_init ] --END-- [ RunTime:0.048234s ]
ERR: 无法加载模块:Images

[ 2018-01-19T20:08:58+08:00 ] ::1 /Tp3.2carshop/index.php/images/er.gif
INFO: [ app_init ] --START--
INFO: Run Behavior\BuildLiteBehavior [ RunTime:0.000119s ]
INFO: [ app_init ] --END-- [ RunTime:0.002278s ]
ERR: 无法加载模块:Images

[ 2018-01-19T20:08:58+08:00 ] ::1 /Tp3.2carshop/index.php/style/search.js
INFO: [ app_init ] --START--
INFO: Run Behavior\BuildLiteBehavior [ RunTime:0.000113s ]
INFO: [ app_init ] --END-- [ RunTime:0.002077s ]
ERR: 无法加载模块:Style

[ 2018-01-19T20:08:58+08:00 ] ::1 /Tp3.2carshop/index.php/style/menu.js
INFO: [ app_init ] --START--
INFO: Run Behavior\BuildLiteBehavior [ RunTime:0.000103s ]
INFO: [ app_init ] --END-- [ RunTime:0.001714s ]
ERR: 无法加载模块:Style

[ 2018-01-19T20:08:58+08:00 ] ::1 /Tp3.2carshop/index.php/images/20150804152838-947160084.jpg
INFO: [ app_init ] --START--
INFO: Run Behavior\BuildLiteBehavior [ RunTime:0.000125s ]
INFO: [ app_init ] --END-- [ RunTime:0.004735s ]
ERR: 无法加载模块:Images

[ 2018-01-19T20:08:58+08:00 ] ::1 /Tp3.2carshop/index.php/style/jQselect.js
INFO: [ app_init ] --START--
INFO: Run Behavior\BuildLiteBehavior [ RunTime:0.000120s ]
INFO: [ app_init ] --END-- [ RunTime:0.003042s ]
ERR: 无法加载模块:Style

[ 2018-01-19T20:08:59+08:00 ] ::1 /Tp3.2carshop/index.php/style/slides.min.jquery.js
INFO: [ app_init ] --START--
INFO: Run Behavior\BuildLiteBehavior [ RunTime:0.000125s ]
INFO: [ app_init ] --END-- [ RunTime:0.003920s ]
ERR: 无法加载模块:Style

[ 2018-01-19T20:08:59+08:00 ] ::1 /Tp3.2carshop/index.php/style/jquery.touchSlider.js
INFO: [ app_init ] --START--
INFO: Run Behavior\BuildLiteBehavior [ RunTime:0.000262s ]
INFO: [ app_init ] --END-- [ RunTime:0.008277s ]
ERR: 无法加载模块:Style

[ 2018-01-19T20:08:59+08:00 ] ::1 /Tp3.2carshop/index.php/images/20150810100856-61052986513823272.jpg
INFO: [ app_init ] --START--
INFO: Run Behavior\BuildLiteBehavior [ RunTime:0.000118s ]
INFO: [ app_init ] --END-- [ RunTime:0.002254s ]
ERR: 无法加载模块:Images

[ 2018-01-19T20:08:59+08:00 ] ::1 /Tp3.2carshop/index.php/images/logo.png
INFO: [ app_init ] --START--
INFO: Run Behavior\BuildLiteBehavior [ RunTime:0.000171s ]
INFO: [ app_init ] --END-- [ RunTime:0.052652s ]
ERR: 无法加载模块:Images

[ 2018-01-19T20:08:59+08:00 ] ::1 /Tp3.2carshop/index.php/images/20150804112848-251193540.jpg
INFO: [ app_init ] --START--
INFO: Run Behavior\BuildLiteBehavior [ RunTime:0.000110s ]
INFO: [ app_init ] --END-- [ RunTime:0.001863s ]
ERR: 无法加载模块:Images

[ 2018-01-19T20:08:59+08:00 ] ::1 /Tp3.2carshop/index.php/images/20150810100905-58394173160195352.jpg
INFO: [ app_init ] --START--
INFO: Run Behavior\BuildLiteBehavior [ RunTime:0.000113s ]
INFO: [ app_init ] --END-- [ RunTime:0.001717s ]
ERR: 无法加载模块:Images

[ 2018-01-19T20:08:59+08:00 ] ::1 /Tp3.2carshop/index.php/images/20150810100919-38210531882941720.jpg
INFO: [ app_init ] --START--
INFO: Run Behavior\BuildLiteBehavior [ RunTime:0.000111s ]
INFO: [ app_init ] --END-- [ RunTime:0.001715s ]
ERR: 无法加载模块:Images

[ 2018-01-19T20:08:59+08:00 ] ::1 /Tp3.2carshop/index.php/js/jquery.lightbox-0.5.min.js
INFO: [ app_init ] --START--
INFO: Run Behavior\BuildLiteBehavior [ RunTime:0.000394s ]
INFO: [ app_init ] --END-- [ RunTime:0.006013s ]
ERR: 无法加载模块:Js

[ 2018-01-19T20:09:00+08:00 ] ::1 /Tp3.2carshop/index.php/images/20150804112945-946058568.jpg
INFO: [ app_init ] --START--
INFO: Run Behavior\BuildLiteBehavior [ RunTime:0.000221s ]
INFO: [ app_init ] --END-- [ RunTime:0.004918s ]
ERR: 无法加载模块:Images

[ 2018-01-19T20:09:00+08:00 ] ::1 /Tp3.2carshop/index.php/images/20150810101641-64434476010501384.jpg
INFO: [ app_init ] --START--
INFO: Run Behavior\BuildLiteBehavior [ RunTime:0.000099s ]
INFO: [ app_init ] --END-- [ RunTime:0.002239s ]
ERR: 无法加载模块:Images

[ 2018-01-19T20:09:00+08:00 ] ::1 /Tp3.2carshop/index.php/images/20150810101106-46672245394438504.jpg
INFO: [ app_init ] --START--
INFO: Run Behavior\BuildLiteBehavior [ RunTime:0.000123s ]
INFO: [ app_init ] --END-- [ RunTime:0.022765s ]
ERR: 无法加载模块:Images

[ 2018-01-19T20:09:00+08:00 ] ::1 /Tp3.2carshop/index.php/images/20150810101634-35172443836927412.jpg
INFO: [ app_init ] --START--
INFO: Run Behavior\BuildLiteBehavior [ RunTime:0.000116s ]
INFO: [ app_init ] --END-- [ RunTime:0.007277s ]
ERR: 无法加载模块:Images

[ 2018-01-19T20:09:00+08:00 ] ::1 /Tp3.2carshop/index.php/images/20150804112838-1533884976.jpg
INFO: [ app_init ] --START--
INFO: Run Behavior\BuildLiteBehavior [ RunTime:0.000156s ]
INFO: [ app_init ] --END-- [ RunTime:0.016379s ]
ERR: 无法加载模块:Images

[ 2018-01-19T20:09:00+08:00 ] ::1 /Tp3.2carshop/index.php/images/20150810101649-98561866441741584.jpg
INFO: [ app_init ] --START--
INFO: Run Behavior\BuildLiteBehavior [ RunTime:0.000115s ]
INFO: [ app_init ] --END-- [ RunTime:0.002093s ]
ERR: 无法加载模块:Images

[ 2018-01-19T20:09:00+08:00 ] ::1 /Tp3.2carshop/index.php/images/20150804142611-1195336428.jpg
INFO: [ app_init ] --START--
INFO: Run Behavior\BuildLiteBehavior [ RunTime:0.000241s ]
INFO: [ app_init ] --END-- [ RunTime:0.002493s ]
ERR: 无法加载模块:Images

[ 2018-01-19T20:09:00+08:00 ] ::1 /Tp3.2carshop/index.php/images/er.gif
INFO: [ app_init ] --START--
INFO: Run Behavior\BuildLiteBehavior [ RunTime:0.000107s ]
INFO: [ app_init ] --END-- [ RunTime:0.002534s ]
ERR: 无法加载模块:Images

[ 2018-01-19T20:09:00+08:00 ] ::1 /Tp3.2carshop/index.php/images/20150804142607-500806644.jpg
INFO: [ app_init ] --START--
INFO: Run Behavior\BuildLiteBehavior [ RunTime:0.000114s ]
INFO: [ app_init ] --END-- [ RunTime:0.002953s ]
ERR: 无法加载模块:Images

[ 2018-01-19T20:09:01+08:00 ] ::1 /Tp3.2carshop/index.php/images/20150804142615-1490638500.jpg
INFO: [ app_init ] --START--
INFO: Run Behavior\BuildLiteBehavior [ RunTime:0.000110s ]
INFO: [ app_init ] --END-- [ RunTime:0.002403s ]
ERR: 无法加载模块:Images

[ 2018-01-19T20:09:01+08:00 ] ::1 /Tp3.2carshop/index.php/images/20150804142600-629205096.jpg
INFO: [ app_init ] --START--
INFO: Run Behavior\BuildLiteBehavior [ RunTime:0.074057s ]
INFO: [ app_init ] --END-- [ RunTime:0.079789s ]
ERR: 无法加载模块:Images

[ 2018-01-19T20:09:01+08:00 ] ::1 /Tp3.2carshop/index.php/images/20150804152838-947160084.jpg
INFO: [ app_init ] --START--
INFO: Run Behavior\BuildLiteBehavior [ RunTime:0.000109s ]
INFO: [ app_init ] --END-- [ RunTime:0.009660s ]
ERR: 无法加载模块:Images

[ 2018-01-19T20:12:23+08:00 ] ::1 /Tp3.2carshop/index.php/images/20150810101649-98561866441741584.jpg
INFO: [ app_init ] --START--
INFO: Run Behavior\BuildLiteBehavior [ RunTime:0.000127s ]
INFO: [ app_init ] --END-- [ RunTime:0.002220s ]
ERR: 无法加载模块:Images

[ 2018-01-19T20:12:23+08:00 ] ::1 /Tp3.2carshop/index.php/images/20150804142615-1490638500.jpg
INFO: [ app_init ] --START--
INFO: Run Behavior\BuildLiteBehavior [ RunTime:0.000098s ]
INFO: [ app_init ] --END-- [ RunTime:0.023148s ]
ERR: 无法加载模块:Images

[ 2018-01-19T20:12:23+08:00 ] ::1 /Tp3.2carshop/index.php/images/20150804142611-1195336428.jpg
INFO: [ app_init ] --START--
INFO: Run Behavior\BuildLiteBehavior [ RunTime:0.000116s ]
INFO: [ app_init ] --END-- [ RunTime:0.002662s ]
ERR: 无法加载模块:Images

[ 2018-01-19T20:12:23+08:00 ] ::1 /Tp3.2carshop/index.php/images/20150804142600-629205096.jpg
INFO: [ app_init ] --START--
INFO: Run Behavior\BuildLiteBehavior [ RunTime:0.000112s ]
INFO: [ app_init ] --END-- [ RunTime:0.011573s ]
ERR: 无法加载模块:Images

[ 2018-01-19T20:12:23+08:00 ] ::1 /Tp3.2carshop/index.php/style/style.css
INFO: [ app_init ] --START--
INFO: Run Behavior\BuildLiteBehavior [ RunTime:0.000179s ]
INFO: [ app_init ] --END-- [ RunTime:0.002538s ]
ERR: 无法加载模块:Style

[ 2018-01-19T20:12:23+08:00 ] ::1 /Tp3.2carshop/index.php/images/20150804152838-947160084.jpg
INFO: [ app_init ] --START--
INFO: Run Behavior\BuildLiteBehavior [ RunTime:0.001629s ]
INFO: [ app_init ] --END-- [ RunTime:0.004447s ]
ERR: 无法加载模块:Images

[ 2018-01-19T20:12:23+08:00 ] ::1 /Tp3.2carshop/index.php/style/jbox.css
INFO: [ app_init ] --START--
INFO: Run Behavior\BuildLiteBehavior [ RunTime:0.000138s ]
INFO: [ app_init ] --END-- [ RunTime:0.009512s ]
ERR: 无法加载模块:Style

[ 2018-01-19T20:12:24+08:00 ] ::1 /Tp3.2carshop/index.php/style/functions.js
INFO: [ app_init ] --START--
INFO: Run Behavior\BuildLiteBehavior [ RunTime:0.000123s ]
INFO: [ app_init ] --END-- [ RunTime:0.002041s ]
ERR: 无法加载模块:Style

[ 2018-01-19T20:12:24+08:00 ] ::1 /Tp3.2carshop/index.php/style/jquery.js
INFO: [ app_init ] --START--
INFO: Run Behavior\BuildLiteBehavior [ RunTime:0.000109s ]
INFO: [ app_init ] --END-- [ RunTime:0.001820s ]
ERR: 无法加载模块:Style

[ 2018-01-19T20:12:24+08:00 ] ::1 /Tp3.2carshop/index.php/style/urlredirect.js
INFO: [ app_init ] --START--
INFO: Run Behavior\BuildLiteBehavior [ RunTime:0.000101s ]
INFO: [ app_init ] --END-- [ RunTime:0.021243s ]
ERR: 无法加载模块:Style

[ 2018-01-19T20:12:24+08:00 ] ::1 /Tp3.2carshop/index.php/style/search.js
INFO: [ app_init ] --START--
INFO: Run Behavior\BuildLiteBehavior [ RunTime:0.000095s ]
INFO: [ app_init ] --END-- [ RunTime:0.002213s ]
ERR: 无法加载模块:Style

[ 2018-01-19T20:12:24+08:00 ] ::1 /Tp3.2carshop/index.php/images/20150804142607-500806644.jpg
INFO: [ app_init ] --START--
INFO: Run Behavior\BuildLiteBehavior [ RunTime:0.000103s ]
INFO: [ app_init ] --END-- [ RunTime:0.040999s ]
ERR: 无法加载模块:Images

[ 2018-01-19T20:12:24+08:00 ] ::1 /Tp3.2carshop/index.php/style/validForm/FormValid.js
INFO: [ app_init ] --START--
INFO: Run Behavior\BuildLiteBehavior [ RunTime:0.000111s ]
INFO: [ app_init ] --END-- [ RunTime:0.002387s ]
ERR: 无法加载模块:Style

[ 2018-01-19T20:12:24+08:00 ] ::1 /Tp3.2carshop/index.php/style/jquery.touchSlider.js
INFO: [ app_init ] --START--
INFO: Run Behavior\BuildLiteBehavior [ RunTime:0.000090s ]
INFO: [ app_init ] --END-- [ RunTime:0.001960s ]
ERR: 无法加载模块:Style

[ 2018-01-19T20:12:24+08:00 ] ::1 /Tp3.2carshop/index.php/style/jbox/jquery.jBox-2.3.min.js
INFO: [ app_init ] --START--
INFO: Run Behavior\BuildLiteBehavior [ RunTime:0.000110s ]
INFO: [ app_init ] --END-- [ RunTime:0.001776s ]
ERR: 无法加载模块:Style

[ 2018-01-19T20:12:24+08:00 ] ::1 /Tp3.2carshop/index.php/style/jQselect.js
INFO: [ app_init ] --START--
INFO: Run Behavior\BuildLiteBehavior [ RunTime:0.000111s ]
INFO: [ app_init ] --END-- [ RunTime:0.002855s ]
ERR: 无法加载模块:Style

[ 2018-01-19T20:12:24+08:00 ] ::1 /Tp3.2carshop/index.php/style/style.css
INFO: [ app_init ] --START--
INFO: Run Behavior\BuildLiteBehavior [ RunTime:0.000103s ]
INFO: [ app_init ] --END-- [ RunTime:0.001729s ]
ERR: 无法加载模块:Style

[ 2018-01-19T20:12:24+08:00 ] ::1 /Tp3.2carshop/index.php/style/slides.min.jquery.js
INFO: [ app_init ] --START--
INFO: Run Behavior\BuildLiteBehavior [ RunTime:0.000117s ]
INFO: [ app_init ] --END-- [ RunTime:0.005546s ]
ERR: 无法加载模块:Style

[ 2018-01-19T20:12:24+08:00 ] ::1 /Tp3.2carshop/index.php/js/jquery.lightbox-0.5.min.js
INFO: [ app_init ] --START--
INFO: Run Behavior\BuildLiteBehavior [ RunTime:0.000119s ]
INFO: [ app_init ] --END-- [ RunTime:0.003860s ]
ERR: 无法加载模块:Js

[ 2018-01-19T20:12:24+08:00 ] ::1 /Tp3.2carshop/index.php/style/jbox.css
INFO: [ app_init ] --START--
INFO: Run Behavior\BuildLiteBehavior [ RunTime:0.000114s ]
INFO: [ app_init ] --END-- [ RunTime:0.003490s ]
ERR: 无法加载模块:Style

[ 2018-01-19T20:12:24+08:00 ] ::1 /Tp3.2carshop/index.php/style/menu.js
INFO: [ app_init ] --START--
INFO: Run Behavior\BuildLiteBehavior [ RunTime:0.000102s ]
INFO: [ app_init ] --END-- [ RunTime:0.002133s ]
ERR: 无法加载模块:Style

[ 2018-01-19T20:12:24+08:00 ] ::1 /Tp3.2carshop/index.php/images/20150810100856-61052986513823272.jpg
INFO: [ app_init ] --START--
INFO: Run Behavior\BuildLiteBehavior [ RunTime:0.000118s ]
INFO: [ app_init ] --END-- [ RunTime:0.004696s ]
ERR: 无法加载模块:Images

[ 2018-01-19T20:12:24+08:00 ] ::1 /Tp3.2carshop/index.php/images/20150810100905-58394173160195352.jpg
INFO: [ app_init ] --START--
INFO: Run Behavior\BuildLiteBehavior [ RunTime:0.000093s ]
INFO: [ app_init ] --END-- [ RunTime:0.003095s ]
ERR: 无法加载模块:Images

[ 2018-01-19T20:12:24+08:00 ] ::1 /Tp3.2carshop/index.php/images/20150810100919-38210531882941720.jpg
INFO: [ app_init ] --START--
INFO: Run Behavior\BuildLiteBehavior [ RunTime:0.000104s ]
INFO: [ app_init ] --END-- [ RunTime:0.001817s ]
ERR: 无法加载模块:Images

[ 2018-01-19T20:12:24+08:00 ] ::1 /Tp3.2carshop/index.php/images/logo.png
INFO: [ app_init ] --START--
INFO: Run Behavior\BuildLiteBehavior [ RunTime:0.000111s ]
INFO: [ app_init ] --END-- [ RunTime:0.003740s ]
ERR: 无法加载模块:Images

[ 2018-01-19T20:12:24+08:00 ] ::1 /Tp3.2carshop/index.php/images/20150810101106-46672245394438504.jpg
INFO: [ app_init ] --START--
INFO: Run Behavior\BuildLiteBehavior [ RunTime:0.000121s ]
INFO: [ app_init ] --END-- [ RunTime:0.009060s ]
ERR: 无法加载模块:Images

[ 2018-01-19T20:12:24+08:00 ] ::1 /Tp3.2carshop/index.php/style/jquery.js
INFO: [ app_init ] --START--
INFO: Run Behavior\BuildLiteBehavior [ RunTime:0.000102s ]
INFO: [ app_init ] --END-- [ RunTime:0.018188s ]
ERR: 无法加载模块:Style

[ 2018-01-19T20:12:24+08:00 ] ::1 /Tp3.2carshop/index.php/images/20150810101634-35172443836927412.jpg
INFO: [ app_init ] --START--
INFO: Run Behavior\BuildLiteBehavior [ RunTime:0.000095s ]
INFO: [ app_init ] --END-- [ RunTime:0.004145s ]
ERR: 无法加载模块:Images

[ 2018-01-19T20:12:24+08:00 ] ::1 /Tp3.2carshop/index.php/images/20150810101641-64434476010501384.jpg
INFO: [ app_init ] --START--
INFO: Run Behavior\BuildLiteBehavior [ RunTime:0.000116s ]
INFO: [ app_init ] --END-- [ RunTime:0.008304s ]
ERR: 无法加载模块:Images

[ 2018-01-19T20:12:24+08:00 ] ::1 /Tp3.2carshop/index.php/style/functions.js
INFO: [ app_init ] --START--
INFO: Run Behavior\BuildLiteBehavior [ RunTime:0.000183s ]
INFO: [ app_init ] --END-- [ RunTime:0.008301s ]
ERR: 无法加载模块:Style

[ 2018-01-19T20:12:24+08:00 ] ::1 /Tp3.2carshop/index.php/style/validForm/FormValid.js
INFO: [ app_init ] --START--
INFO: Run Behavior\BuildLiteBehavior [ RunTime:0.000097s ]
INFO: [ app_init ] --END-- [ RunTime:0.001835s ]
ERR: 无法加载模块:Style

[ 2018-01-19T20:12:25+08:00 ] ::1 /Tp3.2carshop/index.php/style/jbox/jquery.jBox-2.3.min.js
INFO: [ app_init ] --START--
INFO: Run Behavior\BuildLiteBehavior [ RunTime:0.000111s ]
INFO: [ app_init ] --END-- [ RunTime:0.003284s ]
ERR: 无法加载模块:Style

[ 2018-01-19T20:12:25+08:00 ] ::1 /Tp3.2carshop/index.php/style/search.js
INFO: [ app_init ] --START--
INFO: Run Behavior\BuildLiteBehavior [ RunTime:0.000106s ]
INFO: [ app_init ] --END-- [ RunTime:0.004544s ]
ERR: 无法加载模块:Style

[ 2018-01-19T20:12:25+08:00 ] ::1 /Tp3.2carshop/index.php/style/menu.js
INFO: [ app_init ] --START--
INFO: Run Behavior\BuildLiteBehavior [ RunTime:0.000093s ]
INFO: [ app_init ] --END-- [ RunTime:0.002216s ]
ERR: 无法加载模块:Style

[ 2018-01-19T20:12:25+08:00 ] ::1 /Tp3.2carshop/index.php/style/jQselect.js
INFO: [ app_init ] --START--
INFO: Run Behavior\BuildLiteBehavior [ RunTime:0.000118s ]
INFO: [ app_init ] --END-- [ RunTime:0.002714s ]
ERR: 无法加载模块:Style

[ 2018-01-19T20:12:25+08:00 ] ::1 /Tp3.2carshop/index.php/style/slides.min.jquery.js
INFO: [ app_init ] --START--
INFO: Run Behavior\BuildLiteBehavior [ RunTime:0.000113s ]
INFO: [ app_init ] --END-- [ RunTime:0.003148s ]
ERR: 无法加载模块:Style

[ 2018-01-19T20:12:25+08:00 ] ::1 /Tp3.2carshop/index.php/style/jquery.touchSlider.js
INFO: [ app_init ] --START--
INFO: Run Behavior\BuildLiteBehavior [ RunTime:0.000106s ]
INFO: [ app_init ] --END-- [ RunTime:0.002079s ]
ERR: 无法加载模块:Style

[ 2018-01-19T20:12:25+08:00 ] ::1 /Tp3.2carshop/index.php/js/jquery.lightbox-0.5.min.js
INFO: [ app_init ] --START--
INFO: Run Behavior\BuildLiteBehavior [ RunTime:0.000110s ]
INFO: [ app_init ] --END-- [ RunTime:0.001931s ]
ERR: 无法加载模块:Js

[ 2018-01-19T20:12:25+08:00 ] ::1 /Tp3.2carshop/index.php/images/logo.png
INFO: [ app_init ] --START--
INFO: Run Behavior\BuildLiteBehavior [ RunTime:0.000096s ]
INFO: [ app_init ] --END-- [ RunTime:0.003857s ]
ERR: 无法加载模块:Images

[ 2018-01-19T20:12:25+08:00 ] ::1 /Tp3.2carshop/index.php/images/20150810100905-58394173160195352.jpg
INFO: [ app_init ] --START--
INFO: Run Behavior\BuildLiteBehavior [ RunTime:0.000097s ]
INFO: [ app_init ] --END-- [ RunTime:0.001802s ]
ERR: 无法加载模块:Images

[ 2018-01-19T20:12:25+08:00 ] ::1 /Tp3.2carshop/index.php/images/20150804112945-946058568.jpg
INFO: [ app_init ] --START--
INFO: Run Behavior\BuildLiteBehavior [ RunTime:0.000141s ]
INFO: [ app_init ] --END-- [ RunTime:0.005881s ]
ERR: 无法加载模块:Images

[ 2018-01-19T20:12:25+08:00 ] ::1 /Tp3.2carshop/index.php/images/20150804112838-1533884976.jpg
INFO: [ app_init ] --START--
INFO: Run Behavior\BuildLiteBehavior [ RunTime:0.000096s ]
INFO: [ app_init ] --END-- [ RunTime:0.002209s ]
ERR: 无法加载模块:Images

[ 2018-01-19T20:12:25+08:00 ] ::1 /Tp3.2carshop/index.php/images/20150804112848-251193540.jpg
INFO: [ app_init ] --START--
INFO: Run Behavior\BuildLiteBehavior [ RunTime:0.000093s ]
INFO: [ app_init ] --END-- [ RunTime:0.002622s ]
ERR: 无法加载模块:Images

[ 2018-01-19T20:12:26+08:00 ] ::1 /Tp3.2carshop/index.php/images/20150810101649-98561866441741584.jpg
INFO: [ app_init ] --START--
INFO: Run Behavior\BuildLiteBehavior [ RunTime:0.000093s ]
INFO: [ app_init ] --END-- [ RunTime:0.001553s ]
ERR: 无法加载模块:Images

[ 2018-01-19T20:12:26+08:00 ] ::1 /Tp3.2carshop/index.php/images/20150810100919-38210531882941720.jpg
INFO: [ app_init ] --START--
INFO: Run Behavior\BuildLiteBehavior [ RunTime:0.000111s ]
INFO: [ app_init ] --END-- [ RunTime:0.002199s ]
ERR: 无法加载模块:Images

[ 2018-01-19T20:12:26+08:00 ] ::1 /Tp3.2carshop/index.php/images/20150810100856-61052986513823272.jpg
INFO: [ app_init ] --START--
INFO: Run Behavior\BuildLiteBehavior [ RunTime:0.000092s ]
INFO: [ app_init ] --END-- [ RunTime:0.001506s ]
ERR: 无法加载模块:Images

[ 2018-01-19T20:12:26+08:00 ] ::1 /Tp3.2carshop/index.php/images/20150804142615-1490638500.jpg
INFO: [ app_init ] --START--
INFO: Run Behavior\BuildLiteBehavior [ RunTime:0.000114s ]
INFO: [ app_init ] --END-- [ RunTime:0.002425s ]
ERR: 无法加载模块:Images

[ 2018-01-19T20:12:26+08:00 ] ::1 /Tp3.2carshop/index.php/images/20150804142607-500806644.jpg
INFO: [ app_init ] --START--
INFO: Run Behavior\BuildLiteBehavior [ RunTime:0.000118s ]
INFO: [ app_init ] --END-- [ RunTime:0.002511s ]
ERR: 无法加载模块:Images

[ 2018-01-19T20:12:26+08:00 ] ::1 /Tp3.2carshop/index.php/images/20150810101641-64434476010501384.jpg
INFO: [ app_init ] --START--
INFO: Run Behavior\BuildLiteBehavior [ RunTime:0.000120s ]
INFO: [ app_init ] --END-- [ RunTime:0.041225s ]
ERR: 无法加载模块:Images

[ 2018-01-19T20:12:26+08:00 ] ::1 /Tp3.2carshop/index.php/images/20150810101634-35172443836927412.jpg
INFO: [ app_init ] --START--
INFO: Run Behavior\BuildLiteBehavior [ RunTime:0.000118s ]
INFO: [ app_init ] --END-- [ RunTime:0.002940s ]
ERR: 无法加载模块:Images

[ 2018-01-19T20:12:26+08:00 ] ::1 /Tp3.2carshop/index.php/images/20150804152838-947160084.jpg
INFO: [ app_init ] --START--
INFO: Run Behavior\BuildLiteBehavior [ RunTime:0.000160s ]
INFO: [ app_init ] --END-- [ RunTime:0.002796s ]
ERR: 无法加载模块:Images

[ 2018-01-19T20:12:26+08:00 ] ::1 /Tp3.2carshop/index.php/images/20150804142600-629205096.jpg
INFO: [ app_init ] --START--
INFO: Run Behavior\BuildLiteBehavior [ RunTime:0.000104s ]
INFO: [ app_init ] --END-- [ RunTime:0.015761s ]
ERR: 无法加载模块:Images

[ 2018-01-19T20:12:26+08:00 ] ::1 /Tp3.2carshop/index.php/images/20150804142611-1195336428.jpg
INFO: [ app_init ] --START--
INFO: Run Behavior\BuildLiteBehavior [ RunTime:0.000244s ]
INFO: [ app_init ] --END-- [ RunTime:0.020848s ]
ERR: 无法加载模块:Images

[ 2018-01-19T20:15:44+08:00 ] ::1 /Tp3.2carshop/index.php/js/jquery.lightbox-0.5.min.js
INFO: [ app_init ] --START--
INFO: Run Behavior\BuildLiteBehavior [ RunTime:0.000100s ]
INFO: [ app_init ] --END-- [ RunTime:0.003373s ]
ERR: 无法加载模块:Js

[ 2018-01-19T20:15:44+08:00 ] ::1 /Tp3.2carshop/Public/Home/style/validForm/FormValid.js
INFO: [ app_init ] --START--
INFO: Run Behavior\BuildLiteBehavior [ RunTime:0.000095s ]
INFO: [ app_init ] --END-- [ RunTime:0.002116s ]
ERR: 无法加载模块:Public

[ 2018-01-19T20:15:44+08:00 ] ::1 /Tp3.2carshop/Public/Home/style/jbox/jquery.jBox-2.3.min.js
INFO: [ app_init ] --START--
INFO: Run Behavior\BuildLiteBehavior [ RunTime:0.000119s ]
INFO: [ app_init ] --END-- [ RunTime:0.004784s ]
ERR: 无法加载模块:Public

[ 2018-01-19T20:15:45+08:00 ] ::1 /Tp3.2carshop/index.php/images/20150810100856-61052986513823272.jpg
INFO: [ app_init ] --START--
INFO: Run Behavior\BuildLiteBehavior [ RunTime:0.000109s ]
INFO: [ app_init ] --END-- [ RunTime:0.001864s ]
ERR: 无法加载模块:Images

[ 2018-01-19T20:15:45+08:00 ] ::1 /Tp3.2carshop/index.php/images/logo.png
INFO: [ app_init ] --START--
INFO: Run Behavior\BuildLiteBehavior [ RunTime:0.000118s ]
INFO: [ app_init ] --END-- [ RunTime:0.003134s ]
ERR: 无法加载模块:Images

[ 2018-01-19T20:15:45+08:00 ] ::1 /Tp3.2carshop/index.php/images/20150810100919-38210531882941720.jpg
INFO: [ app_init ] --START--
INFO: Run Behavior\BuildLiteBehavior [ RunTime:0.000121s ]
INFO: [ app_init ] --END-- [ RunTime:0.002667s ]
ERR: 无法加载模块:Images

[ 2018-01-19T20:15:45+08:00 ] ::1 /Tp3.2carshop/index.php/images/20150810101106-46672245394438504.jpg
INFO: [ app_init ] --START--
INFO: Run Behavior\BuildLiteBehavior [ RunTime:0.000098s ]
INFO: [ app_init ] --END-- [ RunTime:0.035348s ]
ERR: 无法加载模块:Images

[ 2018-01-19T20:15:45+08:00 ] ::1 /Tp3.2carshop/index.php/images/20150810101649-98561866441741584.jpg
INFO: [ app_init ] --START--
INFO: Run Behavior\BuildLiteBehavior [ RunTime:0.000093s ]
INFO: [ app_init ] --END-- [ RunTime:0.002013s ]
ERR: 无法加载模块:Images

[ 2018-01-19T20:15:45+08:00 ] ::1 /Tp3.2carshop/index.php/images/20150810101634-35172443836927412.jpg
INFO: [ app_init ] --START--
INFO: Run Behavior\BuildLiteBehavior [ RunTime:0.000122s ]
INFO: [ app_init ] --END-- [ RunTime:0.067410s ]
ERR: 无法加载模块:Images

[ 2018-01-19T20:15:45+08:00 ] ::1 /Tp3.2carshop/index.php/images/20150810100905-58394173160195352.jpg
INFO: [ app_init ] --START--
INFO: Run Behavior\BuildLiteBehavior [ RunTime:0.000105s ]
INFO: [ app_init ] --END-- [ RunTime:0.030279s ]
ERR: 无法加载模块:Images

[ 2018-01-19T20:15:45+08:00 ] ::1 /Tp3.2carshop/Public/Home/style/jbox/jquery.jBox-2.3.min.js
INFO: [ app_init ] --START--
INFO: Run Behavior\BuildLiteBehavior [ RunTime:0.000112s ]
INFO: [ app_init ] --END-- [ RunTime:0.002465s ]
ERR: 无法加载模块:Public

[ 2018-01-19T20:15:45+08:00 ] ::1 /Tp3.2carshop/index.php/images/20150804142611-1195336428.jpg
INFO: [ app_init ] --START--
INFO: Run Behavior\BuildLiteBehavior [ RunTime:0.000128s ]
INFO: [ app_init ] --END-- [ RunTime:0.016881s ]
ERR: 无法加载模块:Images

[ 2018-01-19T20:15:45+08:00 ] ::1 /Tp3.2carshop/index.php/images/20150804142615-1490638500.jpg
INFO: [ app_init ] --START--
INFO: Run Behavior\BuildLiteBehavior [ RunTime:0.000106s ]
INFO: [ app_init ] --END-- [ RunTime:0.002364s ]
ERR: 无法加载模块:Images

[ 2018-01-19T20:15:45+08:00 ] ::1 /Tp3.2carshop/index.php/images/20150810101641-64434476010501384.jpg
INFO: [ app_init ] --START--
INFO: Run Behavior\BuildLiteBehavior [ RunTime:0.000251s ]
INFO: [ app_init ] --END-- [ RunTime:0.002899s ]
ERR: 无法加载模块:Images

[ 2018-01-19T20:15:45+08:00 ] ::1 /Tp3.2carshop/index.php/images/20150804152838-947160084.jpg
INFO: [ app_init ] --START--
INFO: Run Behavior\BuildLiteBehavior [ RunTime:0.000118s ]
INFO: [ app_init ] --END-- [ RunTime:0.004422s ]
ERR: 无法加载模块:Images

[ 2018-01-19T20:15:45+08:00 ] ::1 /Tp3.2carshop/index.php/images/20150804142607-500806644.jpg
INFO: [ app_init ] --START--
INFO: Run Behavior\BuildLiteBehavior [ RunTime:0.000100s ]
INFO: [ app_init ] --END-- [ RunTime:0.002322s ]
ERR: 无法加载模块:Images

[ 2018-01-19T20:15:45+08:00 ] ::1 /Tp3.2carshop/index.php/js/jquery.lightbox-0.5.min.js
INFO: [ app_init ] --START--
INFO: Run Behavior\BuildLiteBehavior [ RunTime:0.000129s ]
INFO: [ app_init ] --END-- [ RunTime:0.003109s ]
ERR: 无法加载模块:Js

[ 2018-01-19T20:15:45+08:00 ] ::1 /Tp3.2carshop/index.php/images/20150810100856-61052986513823272.jpg
INFO: [ app_init ] --START--
INFO: Run Behavior\BuildLiteBehavior [ RunTime:0.002030s ]
INFO: [ app_init ] --END-- [ RunTime:0.006215s ]
ERR: 无法加载模块:Images

[ 2018-01-19T20:15:45+08:00 ] ::1 /Tp3.2carshop/index.php/images/20150810100905-58394173160195352.jpg
INFO: [ app_init ] --START--
INFO: Run Behavior\BuildLiteBehavior [ RunTime:0.002116s ]
INFO: [ app_init ] --END-- [ RunTime:0.005462s ]
ERR: 无法加载模块:Images

[ 2018-01-19T20:15:45+08:00 ] ::1 /Tp3.2carshop/index.php/images/20150804142600-629205096.jpg
INFO: [ app_init ] --START--
INFO: Run Behavior\BuildLiteBehavior [ RunTime:0.000173s ]
INFO: [ app_init ] --END-- [ RunTime:0.064883s ]
ERR: 无法加载模块:Images

[ 2018-01-19T20:15:46+08:00 ] ::1 /Tp3.2carshop/index.php/images/logo.png
INFO: [ app_init ] --START--
INFO: Run Behavior\BuildLiteBehavior [ RunTime:0.000108s ]
INFO: [ app_init ] --END-- [ RunTime:0.047556s ]
ERR: 无法加载模块:Images

[ 2018-01-19T20:15:46+08:00 ] ::1 /Tp3.2carshop/index.php/images/20150804112945-946058568.jpg
INFO: [ app_init ] --START--
INFO: Run Behavior\BuildLiteBehavior [ RunTime:0.000230s ]
INFO: [ app_init ] --END-- [ RunTime:0.005528s ]
ERR: 无法加载模块:Images

[ 2018-01-19T20:15:46+08:00 ] ::1 /Tp3.2carshop/index.php/images/20150810101634-35172443836927412.jpg
INFO: [ app_init ] --START--
INFO: Run Behavior\BuildLiteBehavior [ RunTime:0.000171s ]
INFO: [ app_init ] --END-- [ RunTime:0.002142s ]
ERR: 无法加载模块:Images

[ 2018-01-19T20:15:46+08:00 ] ::1 /Tp3.2carshop/index.php/images/20150810101106-46672245394438504.jpg
INFO: [ app_init ] --START--
INFO: Run Behavior\BuildLiteBehavior [ RunTime:0.000171s ]
INFO: [ app_init ] --END-- [ RunTime:0.016655s ]
ERR: 无法加载模块:Images

[ 2018-01-19T20:15:46+08:00 ] ::1 /Tp3.2carshop/index.php/images/20150804112848-251193540.jpg
INFO: [ app_init ] --START--
INFO: Run Behavior\BuildLiteBehavior [ RunTime:0.000120s ]
INFO: [ app_init ] --END-- [ RunTime:0.009868s ]
ERR: 无法加载模块:Images

[ 2018-01-19T20:15:46+08:00 ] ::1 /Tp3.2carshop/index.php/images/20150810100919-38210531882941720.jpg
INFO: [ app_init ] --START--
INFO: Run Behavior\BuildLiteBehavior [ RunTime:0.000107s ]
INFO: [ app_init ] --END-- [ RunTime:0.086724s ]
ERR: 无法加载模块:Images

[ 2018-01-19T20:15:46+08:00 ] ::1 /Tp3.2carshop/index.php/images/20150804112838-1533884976.jpg
INFO: [ app_init ] --START--
INFO: Run Behavior\BuildLiteBehavior [ RunTime:0.000103s ]
INFO: [ app_init ] --END-- [ RunTime:0.043469s ]
ERR: 无法加载模块:Images

[ 2018-01-19T20:15:46+08:00 ] ::1 /Tp3.2carshop/index.php/images/20150804142607-500806644.jpg
INFO: [ app_init ] --START--
INFO: Run Behavior\BuildLiteBehavior [ RunTime:0.000130s ]
INFO: [ app_init ] --END-- [ RunTime:0.078051s ]
ERR: 无法加载模块:Images

[ 2018-01-19T20:15:46+08:00 ] ::1 /Tp3.2carshop/index.php/images/20150804142611-1195336428.jpg
INFO: [ app_init ] --START--
INFO: Run Behavior\BuildLiteBehavior [ RunTime:0.000116s ]
INFO: [ app_init ] --END-- [ RunTime:0.002286s ]
ERR: 无法加载模块:Images

[ 2018-01-19T20:15:46+08:00 ] ::1 /Tp3.2carshop/index.php/images/20150804142615-1490638500.jpg
INFO: [ app_init ] --START--
INFO: Run Behavior\BuildLiteBehavior [ RunTime:0.000107s ]
INFO: [ app_init ] --END-- [ RunTime:0.003245s ]
ERR: 无法加载模块:Images

[ 2018-01-19T20:15:46+08:00 ] ::1 /Tp3.2carshop/index.php/images/20150810101649-98561866441741584.jpg
INFO: [ app_init ] --START--
INFO: Run Behavior\BuildLiteBehavior [ RunTime:0.000128s ]
INFO: [ app_init ] --END-- [ RunTime:0.002807s ]
ERR: 无法加载模块:Images

[ 2018-01-19T20:15:46+08:00 ] ::1 /Tp3.2carshop/index.php/images/20150804152838-947160084.jpg
INFO: [ app_init ] --START--
INFO: Run Behavior\BuildLiteBehavior [ RunTime:0.000106s ]
INFO: [ app_init ] --END-- [ RunTime:0.003261s ]
ERR: 无法加载模块:Images

[ 2018-01-19T20:15:46+08:00 ] ::1 /Tp3.2carshop/index.php/images/20150810101641-64434476010501384.jpg
INFO: [ app_init ] --START--
INFO: Run Behavior\BuildLiteBehavior [ RunTime:0.000119s ]
INFO: [ app_init ] --END-- [ RunTime:0.013336s ]
ERR: 无法加载模块:Images

[ 2018-01-19T20:17:37+08:00 ] ::1 /Tp3.2carshop/index.php/js/jquery.lightbox-0.5.min.js
INFO: [ app_init ] --START--
INFO: Run Behavior\BuildLiteBehavior [ RunTime:0.000109s ]
INFO: [ app_init ] --END-- [ RunTime:0.002684s ]
ERR: 无法加载模块:Js

[ 2018-01-19T20:17:37+08:00 ] ::1 /Tp3.2carshop/Public/Home/style/jbox/jquery.jBox-2.3.min.js
INFO: [ app_init ] --START--
INFO: Run Behavior\BuildLiteBehavior [ RunTime:0.000118s ]
INFO: [ app_init ] --END-- [ RunTime:0.003468s ]
ERR: 无法加载模块:Public

[ 2018-01-19T20:17:37+08:00 ] ::1 /Tp3.2carshop/Public/Home/style/validForm/FormValid.js
INFO: [ app_init ] --START--
INFO: Run Behavior\BuildLiteBehavior [ RunTime:0.000182s ]
INFO: [ app_init ] --END-- [ RunTime:0.025744s ]
ERR: 无法加载模块:Public

[ 2018-01-19T20:17:37+08:00 ] ::1 /Tp3.2carshop/index.php/images/20150810100856-61052986513823272.jpg
INFO: [ app_init ] --START--
INFO: Run Behavior\BuildLiteBehavior [ RunTime:0.000100s ]
INFO: [ app_init ] --END-- [ RunTime:0.001979s ]
ERR: 无法加载模块:Images

[ 2018-01-19T20:17:37+08:00 ] ::1 /Tp3.2carshop/index.php/images/20150810100905-58394173160195352.jpg
INFO: [ app_init ] --START--
INFO: Run Behavior\BuildLiteBehavior [ RunTime:0.000144s ]
INFO: [ app_init ] --END-- [ RunTime:0.002349s ]
ERR: 无法加载模块:Images

[ 2018-01-19T20:17:37+08:00 ] ::1 /Tp3.2carshop/index.php/images/logo.png
INFO: [ app_init ] --START--
INFO: Run Behavior\BuildLiteBehavior [ RunTime:0.000114s ]
INFO: [ app_init ] --END-- [ RunTime:0.002726s ]
ERR: 无法加载模块:Images

[ 2018-01-19T20:17:37+08:00 ] ::1 /Tp3.2carshop/Public/Home/style/jbox/jquery.jBox-2.3.min.js
INFO: [ app_init ] --START--
INFO: Run Behavior\BuildLiteBehavior [ RunTime:0.000132s ]
INFO: [ app_init ] --END-- [ RunTime:0.003545s ]
ERR: 无法加载模块:Public

[ 2018-01-19T20:17:38+08:00 ] ::1 /Tp3.2carshop/index.php/images/20150810100919-38210531882941720.jpg
INFO: [ app_init ] --START--
INFO: Run Behavior\BuildLiteBehavior [ RunTime:0.000118s ]
INFO: [ app_init ] --END-- [ RunTime:0.021164s ]
ERR: 无法加载模块:Images

[ 2018-01-19T20:17:38+08:00 ] ::1 /Tp3.2carshop/index.php/images/20150810101641-64434476010501384.jpg
INFO: [ app_init ] --START--
INFO: Run Behavior\BuildLiteBehavior [ RunTime:0.000170s ]
INFO: [ app_init ] --END-- [ RunTime:0.037427s ]
ERR: 无法加载模块:Images

[ 2018-01-19T20:17:38+08:00 ] ::1 /Tp3.2carshop/index.php/js/jquery.lightbox-0.5.min.js
INFO: [ app_init ] --START--
INFO: Run Behavior\BuildLiteBehavior [ RunTime:0.000116s ]
INFO: [ app_init ] --END-- [ RunTime:0.002691s ]
ERR: 无法加载模块:Js

[ 2018-01-19T20:17:38+08:00 ] ::1 /Tp3.2carshop/index.php/images/20150810100856-61052986513823272.jpg
INFO: [ app_init ] --START--
INFO: Run Behavior\BuildLiteBehavior [ RunTime:0.000091s ]
INFO: [ app_init ] --END-- [ RunTime:0.022266s ]
ERR: 无法加载模块:Images

[ 2018-01-19T20:17:38+08:00 ] ::1 /Tp3.2carshop/index.php/images/20150810101634-35172443836927412.jpg
INFO: [ app_init ] --START--
INFO: Run Behavior\BuildLiteBehavior [ RunTime:0.000126s ]
INFO: [ app_init ] --END-- [ RunTime:0.003255s ]
ERR: 无法加载模块:Images

[ 2018-01-19T20:17:38+08:00 ] ::1 /Tp3.2carshop/index.php/images/20150804142600-629205096.jpg
INFO: [ app_init ] --START--
INFO: Run Behavior\BuildLiteBehavior [ RunTime:0.000173s ]
INFO: [ app_init ] --END-- [ RunTime:0.002906s ]
ERR: 无法加载模块:Images

[ 2018-01-19T20:17:38+08:00 ] ::1 /Tp3.2carshop/index.php/images/20150810101106-46672245394438504.jpg
INFO: [ app_init ] --START--
INFO: Run Behavior\BuildLiteBehavior [ RunTime:0.000137s ]
INFO: [ app_init ] --END-- [ RunTime:0.074904s ]
ERR: 无法加载模块:Images

[ 2018-01-19T20:17:38+08:00 ] ::1 /Tp3.2carshop/index.php/images/20150804142607-500806644.jpg
INFO: [ app_init ] --START--
INFO: Run Behavior\BuildLiteBehavior [ RunTime:0.000104s ]
INFO: [ app_init ] --END-- [ RunTime:0.002089s ]
ERR: 无法加载模块:Images

[ 2018-01-19T20:17:38+08:00 ] ::1 /Tp3.2carshop/index.php/images/20150810101649-98561866441741584.jpg
INFO: [ app_init ] --START--
INFO: Run Behavior\BuildLiteBehavior [ RunTime:0.000095s ]
INFO: [ app_init ] --END-- [ RunTime:0.029997s ]
ERR: 无法加载模块:Images

[ 2018-01-19T20:17:38+08:00 ] ::1 /Tp3.2carshop/index.php/images/20150810100905-58394173160195352.jpg
INFO: [ app_init ] --START--
INFO: Run Behavior\BuildLiteBehavior [ RunTime:0.000239s ]
INFO: [ app_init ] --END-- [ RunTime:0.029689s ]
ERR: 无法加载模块:Images

[ 2018-01-19T20:17:38+08:00 ] ::1 /Tp3.2carshop/index.php/images/logo.png
INFO: [ app_init ] --START--
INFO: Run Behavior\BuildLiteBehavior [ RunTime:0.000110s ]
INFO: [ app_init ] --END-- [ RunTime:0.010911s ]
ERR: 无法加载模块:Images

[ 2018-01-19T20:17:38+08:00 ] ::1 /Tp3.2carshop/index.php/images/20150804142615-1490638500.jpg
INFO: [ app_init ] --START--
INFO: Run Behavior\BuildLiteBehavior [ RunTime:0.000407s ]
INFO: [ app_init ] --END-- [ RunTime:0.044096s ]
ERR: 无法加载模块:Images

[ 2018-01-19T20:17:38+08:00 ] ::1 /Tp3.2carshop/index.php/images/20150804152838-947160084.jpg
INFO: [ app_init ] --START--
INFO: Run Behavior\BuildLiteBehavior [ RunTime:0.000156s ]
INFO: [ app_init ] --END-- [ RunTime:0.002805s ]
ERR: 无法加载模块:Images

[ 2018-01-19T20:17:38+08:00 ] ::1 /Tp3.2carshop/index.php/images/20150804142611-1195336428.jpg
INFO: [ app_init ] --START--
INFO: Run Behavior\BuildLiteBehavior [ RunTime:0.000108s ]
INFO: [ app_init ] --END-- [ RunTime:0.041025s ]
ERR: 无法加载模块:Images

[ 2018-01-19T20:17:39+08:00 ] ::1 /Tp3.2carshop/index.php/images/20150810101634-35172443836927412.jpg
INFO: [ app_init ] --START--
INFO: Run Behavior\BuildLiteBehavior [ RunTime:0.000118s ]
INFO: [ app_init ] --END-- [ RunTime:0.002395s ]
ERR: 无法加载模块:Images

[ 2018-01-19T20:17:39+08:00 ] ::1 /Tp3.2carshop/index.php/images/20150810101106-46672245394438504.jpg
INFO: [ app_init ] --START--
INFO: Run Behavior\BuildLiteBehavior [ RunTime:0.000115s ]
INFO: [ app_init ] --END-- [ RunTime:0.003156s ]
ERR: 无法加载模块:Images

[ 2018-01-19T20:17:39+08:00 ] ::1 /Tp3.2carshop/index.php/images/20150804142600-629205096.jpg
INFO: [ app_init ] --START--
INFO: Run Behavior\BuildLiteBehavior [ RunTime:0.000117s ]
INFO: [ app_init ] --END-- [ RunTime:0.016277s ]
ERR: 无法加载模块:Images

[ 2018-01-19T20:17:39+08:00 ] ::1 /Tp3.2carshop/index.php/images/20150810101641-64434476010501384.jpg
INFO: [ app_init ] --START--
INFO: Run Behavior\BuildLiteBehavior [ RunTime:0.000140s ]
INFO: [ app_init ] --END-- [ RunTime:0.031986s ]
ERR: 无法加载模块:Images

[ 2018-01-19T20:19:21+08:00 ] ::1 /Tp3.2carshop/index.php/images/logo.png
INFO: [ app_init ] --START--
INFO: Run Behavior\BuildLiteBehavior [ RunTime:0.002243s ]
INFO: [ app_init ] --END-- [ RunTime:0.004570s ]
ERR: 无法加载模块:Images

[ 2018-01-19T20:19:21+08:00 ] ::1 /Tp3.2carshop/Public/Home/style/jbox/jquery.jBox-2.3.min.js
INFO: [ app_init ] --START--
INFO: Run Behavior\BuildLiteBehavior [ RunTime:0.000107s ]
INFO: [ app_init ] --END-- [ RunTime:0.003863s ]
ERR: 无法加载模块:Public

[ 2018-01-19T20:19:21+08:00 ] ::1 /Tp3.2carshop/Public/Home/style/validForm/FormValid.js
INFO: [ app_init ] --START--
INFO: Run Behavior\BuildLiteBehavior [ RunTime:0.000111s ]
INFO: [ app_init ] --END-- [ RunTime:0.003252s ]
ERR: 无法加载模块:Public

[ 2018-01-19T20:19:21+08:00 ] ::1 /Tp3.2carshop/index.php/js/jquery.lightbox-0.5.min.js
INFO: [ app_init ] --START--
INFO: Run Behavior\BuildLiteBehavior [ RunTime:0.000113s ]
INFO: [ app_init ] --END-- [ RunTime:0.018055s ]
ERR: 无法加载模块:Js

[ 2018-01-19T20:19:21+08:00 ] ::1 /Tp3.2carshop/Public/Home/style/jbox/jquery.jBox-2.3.min.js
INFO: [ app_init ] --START--
INFO: Run Behavior\BuildLiteBehavior [ RunTime:0.000099s ]
INFO: [ app_init ] --END-- [ RunTime:0.003263s ]
ERR: 无法加载模块:Public

[ 2018-01-19T20:19:22+08:00 ] ::1 /Tp3.2carshop/index.php/images/logo.png
INFO: [ app_init ] --START--
INFO: Run Behavior\BuildLiteBehavior [ RunTime:0.000126s ]
INFO: [ app_init ] --END-- [ RunTime:0.051915s ]
ERR: 无法加载模块:Images

[ 2018-01-19T20:19:22+08:00 ] ::1 /Tp3.2carshop/index.php/js/jquery.lightbox-0.5.min.js
INFO: [ app_init ] --START--
INFO: Run Behavior\BuildLiteBehavior [ RunTime:0.000167s ]
INFO: [ app_init ] --END-- [ RunTime:0.005277s ]
ERR: 无法加载模块:Js

[ 2018-01-19T20:19:22+08:00 ] ::1 /Tp3.2carshop/index.php/images/20150804152838-947160084.jpg
INFO: [ app_init ] --START--
INFO: Run Behavior\BuildLiteBehavior [ RunTime:0.000158s ]
INFO: [ app_init ] --END-- [ RunTime:0.004652s ]
ERR: 无法加载模块:Images

[ 2018-01-19T20:19:31+08:00 ] ::1 /Tp3.2carshop/index.php/news.php
INFO: [ app_init ] --START--
INFO: Run Behavior\BuildLiteBehavior [ RunTime:0.000197s ]
INFO: [ app_init ] --END-- [ RunTime:0.007092s ]
ERR: 无法加载模块:News

[ 2018-01-19T20:19:36+08:00 ] ::1 /Tp3.2carshop/index.php/js/jquery.lightbox-0.5.min.js
INFO: [ app_init ] --START--
INFO: Run Behavior\BuildLiteBehavior [ RunTime:0.000124s ]
INFO: [ app_init ] --END-- [ RunTime:0.004939s ]
ERR: 无法加载模块:Js

[ 2018-01-19T20:19:36+08:00 ] ::1 /Tp3.2carshop/Public/Home/style/jbox/jquery.jBox-2.3.min.js
INFO: [ app_init ] --START--
INFO: Run Behavior\BuildLiteBehavior [ RunTime:0.000236s ]
INFO: [ app_init ] --END-- [ RunTime:0.003788s ]
ERR: 无法加载模块:Public

[ 2018-01-19T20:19:36+08:00 ] ::1 /Tp3.2carshop/Public/Home/style/validForm/FormValid.js
INFO: [ app_init ] --START--
INFO: Run Behavior\BuildLiteBehavior [ RunTime:0.000106s ]
INFO: [ app_init ] --END-- [ RunTime:0.005753s ]
ERR: 无法加载模块:Public

[ 2018-01-19T20:19:36+08:00 ] ::1 /Tp3.2carshop/index.php/images/logo.png
INFO: [ app_init ] --START--
INFO: Run Behavior\BuildLiteBehavior [ RunTime:0.000105s ]
INFO: [ app_init ] --END-- [ RunTime:0.001576s ]
ERR: 无法加载模块:Images

载模块:Images

[ 2018-01-19T20:19:36+08:00 ] ::1 /Tp3.2carshop/Public/Home/style/jbox/jquery.jBox-2.3.min.js
INFO: [ app_init ] --START--
INFO: Run Behavior\BuildLiteBehavior [ RunTime:0.000317s ]
INFO: [ app_init ] --END-- [ RunTime:0.028847s ]
ERR: 无法加载模块:Public

[ 2018-01-19T20:19:36+08:00 ] ::1 /Tp3.2carshop/index.php/js/jquery.lightbox-0.5.min.js
INFO: [ app_init ] --START--
INFO: Run Behavior\BuildLiteBehavior [ RunTime:0.000126s ]
INFO: [ app_init ] --END-- [ RunTime:0.003383s ]
ERR: 无法加载模块:Js

[ 2018-01-19T20:19:36+08:00 ] ::1 /Tp3.2carshop/index.php/images/logo.png
INFO: [ app_init ] --START--
INFO: Run Behavior\BuildLiteBehavior [ RunTime:0.000099s ]
INFO: [ app_init ] --END-- [ RunTime:0.002900s ]
ERR: 无法加载模块:Images

[ 2018-01-19T20:19:37+08:00 ] ::1 /Tp3.2carshop/index.php/images/20150804152838-947160084.jpg
INFO: [ app_init ] --START--
INFO: Run Behavior\BuildLiteBehavior [ RunTime:0.000093s ]
INFO: [ app_init ] --END-- [ RunTime:0.001592s ]
ERR: 无法加载模块:Images

[ 2018-01-19T20:19:54+08:00 ] ::1 /Tp3.2carshop/Public/Home/style/validForm/FormValid.js
INFO: [ app_init ] --START--
INFO: Run Behavior\BuildLiteBehavior [ RunTime:0.000208s ]
INFO: [ app_init ] --END-- [ RunTime:0.002678s ]
ERR: 无法加载模块:Public

[ 2018-01-19T20:19:54+08:00 ] ::1 /Tp3.2carshop/index.php/js/jquery.lightbox-0.5.min.js
INFO: [ app_init ] --START--
INFO: Run Behavior\BuildLiteBehavior [ RunTime:0.000104s ]
INFO: [ app_init ] --END-- [ RunTime:0.002594s ]
ERR: 无法加载模块:Js

[ 2018-01-19T20:19:54+08:00 ] ::1 /Tp3.2carshop/Public/Home/style/jbox/jquery.jBox-2.3.min.js
INFO: [ app_init ] --START--
INFO: Run Behavior\BuildLiteBehavior [ RunTime:0.000117s ]
INFO: [ app_init ] --END-- [ RunTime:0.003129s ]
ERR: 无法加载模块:Public

[ 2018-01-19T20:19:54+08:00 ] ::1 /Tp3.2carshop/index.php/images/logo.png
INFO: [ app_init ] --START--
INFO: Run Behavior\BuildLiteBehavior [ RunTime:0.000122s ]
INFO: [ app_init ] --END-- [ RunTime:0.015270s ]
ERR: 无法加载模块:Images

[ 2018-01-19T20:19:54+08:00 ] ::1 /Tp3.2carshop/index.php/js/jquery.lightbox-0.5.min.js
INFO: [ app_init ] --START--
INFO: Run Behavior\BuildLiteBehavior [ RunTime:0.000094s ]
INFO: [ app_init ] --END-- [ RunTime:0.002084s ]
ERR: 无法加载模块:Js

[ 2018-01-19T20:20:31+08:00 ] ::1 /Tp3.2carshop/Public/Home/style/validForm/FormValid.js
INFO: [ app_init ] --START--
INFO: Run Behavior\BuildLiteBehavior [ RunTime:0.000108s ]
INFO: [ app_init ] --END-- [ RunTime:0.001777s ]
ERR: 无法加载模块:Public

[ 2018-01-19T20:20:31+08:00 ] ::1 /Tp3.2carshop/index.php/js/jquery.lightbox-0.5.min.js
INFO: [ app_init ] --START--
INFO: Run Behavior\BuildLiteBehavior [ RunTime:0.000101s ]
INFO: [ app_init ] --END-- [ RunTime:0.004964s ]
ERR: 无法加载模块:Js

[ 2018-01-19T20:20:31+08:00 ] ::1 /Tp3.2carshop/Public/Home/style/jbox/jquery.jBox-2.3.min.js
INFO: [ app_init ] --START--
INFO: Run Behavior\BuildLiteBehavior [ RunTime:0.000100s ]
INFO: [ app_init ] --END-- [ RunTime:0.005708s ]
ERR: 无法加载模块:Public

[ 2018-01-19T20:20:31+08:00 ] ::1 /Tp3.2carshop/index.php/js/jquery.lightbox-0.5.min.js
INFO: [ app_init ] --START--
INFO: Run Behavior\BuildLiteBehavior [ RunTime:0.000100s ]
INFO: [ app_init ] --END-- [ RunTime:0.004242s ]
ERR: 无法加载模块:Js

[ 2018-01-19T20:23:25+08:00 ] ::1 /Tp3.2carshop/Public/Home/style/validForm/FormValid.js
INFO: [ app_init ] --START--
INFO: Run Behavior\BuildLiteBehavior [ RunTime:0.000122s ]
INFO: [ app_init ] --END-- [ RunTime:0.002458s ]
ERR: 无法加载模块:Public

[ 2018-01-19T20:23:25+08:00 ] ::1 /Tp3.2carshop/index.php/js/jquery.lightbox-0.5.min.js
INFO: [ app_init ] --START--
INFO: Run Behavior\BuildLiteBehavior [ RunTime:0.000119s ]
INFO: [ app_init ] --END-- [ RunTime:0.002212s ]
ERR: 无法加载模块:Js

[ 2018-01-19T20:23:25+08:00 ] ::1 /Tp3.2carshop/Public/Home/style/jbox/jquery.jBox-2.3.min.js
INFO: [ app_init ] --START--
INFO: Run Behavior\BuildLiteBehavior [ RunTime:0.000123s ]
INFO: [ app_init ] --END-- [ RunTime:0.010926s ]
ERR: 无法加载模块:Public

[ 2018-01-19T20:23:26+08:00 ] ::1 /Tp3.2carshop/index.php/js/jquery.lightbox-0.5.min.js
INFO: [ app_init ] --START--
INFO: Run Behavior\BuildLiteBehavior [ RunTime:0.000120s ]
INFO: [ app_init ] --END-- [ RunTime:0.003747s ]
ERR: 无法加载模块:Js

[ 2018-01-19T20:24:24+08:00 ] ::1 /Tp3.2carshop/Public/Home/style/validForm/FormValid.js
INFO: [ app_init ] --START--
INFO: Run Behavior\BuildLiteBehavior [ RunTime:0.000089s ]
INFO: [ app_init ] --END-- [ RunTime:0.001919s ]
ERR: 无法加载模块:Public

[ 2018-01-19T20:24:24+08:00 ] ::1 /Tp3.2carshop/Public/Home/style/jbox/jquery.jBox-2.3.min.js
INFO: [ app_init ] --START--
INFO: Run Behavior\BuildLiteBehavior [ RunTime:0.000103s ]
INFO: [ app_init ] --END-- [ RunTime:0.002286s ]
ERR: 无法加载模块:Public

[ 2018-01-19T20:24:24+08:00 ] ::1 /Tp3.2carshop/index.php/js/jquery.lightbox-0.5.min.js
INFO: [ app_init ] --START--
INFO: Run Behavior\BuildLiteBehavior [ RunTime:0.000112s ]
INFO: [ app_init ] --END-- [ RunTime:0.002136s ]
ERR: 无法加载模块:Js

[ 2018-01-19T20:24:45+08:00 ] ::1 /Tp3.2carshop/index.php/js/jquery.lightbox-0.5.min.js
INFO: [ app_init ] --START--
INFO: Run Behavior\BuildLiteBehavior [ RunTime:0.000121s ]
INFO: [ app_init ] --END-- [ RunTime:0.002431s ]
ERR: 无法加载模块:Js

[ 2018-01-19T20:24:45+08:00 ] ::1 /Tp3.2carshop/Public/Home/style/jbox/jquery.jBox-2.3.min.js
INFO: [ app_init ] --START--
INFO: Run Behavior\BuildLiteBehavior [ RunTime:0.000107s ]
INFO: [ app_init ] --END-- [ RunTime:0.005536s ]
ERR: 无法加载模块:Public

[ 2018-01-19T20:24:45+08:00 ] ::1 /Tp3.2carshop/Public/Home/style/validForm/FormValid.js
INFO: [ app_init ] --START--
INFO: Run Behavior\BuildLiteBehavior [ RunTime:0.000118s ]
INFO: [ app_init ] --END-- [ RunTime:0.002522s ]
ERR: 无法加载模块:Public

[ 2018-01-19T20:24:45+08:00 ] ::1 /Tp3.2carshop/index.php/images/er.gif
INFO: [ app_init ] --START--
INFO: Run Behavior\BuildLiteBehavior [ RunTime:0.000130s ]
INFO: [ app_init ] --END-- [ RunTime:0.003119s ]
ERR: 无法加载模块:Images

[ 2018-01-19T20:24:45+08:00 ] ::1 /Tp3.2carshop/Public/Home/style/jbox/jquery.jBox-2.3.min.js
INFO: [ app_init ] --START--
INFO: Run Behavior\BuildLiteBehavior [ RunTime:0.000122s ]
INFO: [ app_init ] --END-- [ RunTime:0.005532s ]
ERR: 无法加载模块:Public

[ 2018-01-19T20:24:46+08:00 ] ::1 /Tp3.2carshop/index.php/js/jquery.lightbox-0.5.min.js
INFO: [ app_init ] --START--
INFO: Run Behavior\BuildLiteBehavior [ RunTime:0.000114s ]
INFO: [ app_init ] --END-- [ RunTime:0.004402s ]
ERR: 无法加载模块:Js

[ 2018-01-19T20:24:46+08:00 ] ::1 /Tp3.2carshop/index.php/images/er.gif
INFO: [ app_init ] --START--
INFO: Run Behavior\BuildLiteBehavior [ RunTime:0.000106s ]
INFO: [ app_init ] --END-- [ RunTime:0.008696s ]
ERR: 无法加载模块:Images

[ 2018-01-19T20:30:21+08:00 ] ::1 /Tp3.2carshop/Page/
INFO: [ app_init ] --START--
INFO: Run Behavior\BuildLiteBehavior [ RunTime:0.000126s ]
INFO: [ app_init ] --END-- [ RunTime:0.003264s ]
ERR: 无法加载模块:Page

[ 2018-01-19T20:30:36+08:00 ] ::1 /Tp3.2carshop/Idex
INFO: [ app_init ] --START--
INFO: Run Behavior\BuildLiteBehavior [ RunTime:0.000122s ]
INFO: [ app_init ] --END-- [ RunTime:0.002423s ]
ERR: 无法加载模块:Idex

[ 2018-01-19T20:30:41+08:00 ] ::1 /Tp3.2carshop/Index
INFO: [ app_init ] --START--
INFO: Run Behavior\BuildLiteBehavior [ RunTime:0.000122s ]
INFO: [ app_init ] --END-- [ RunTime:0.002927s ]
ERR: 无法加载模块:Index

[ 2018-01-19T20:30:46+08:00 ] ::1 /Tp3.2carshop/js/jquery.lightbox-0.5.min.js
INFO: [ app_init ] --START--
INFO: Run Behavior\BuildLiteBehavior [ RunTime:0.000227s ]
INFO: [ app_init ] --END-- [ RunTime:0.088759s ]
ERR: 无法加载模块:Js

[ 2018-01-19T20:30:46+08:00 ] ::1 /Tp3.2carshop/Public/Home/style/validForm/FormValid.js
INFO: [ app_init ] --START--
INFO: Run Behavior\BuildLiteBehavior [ RunTime:0.000102s ]
INFO: [ app_init ] --END-- [ RunTime:0.002391s ]
ERR: 无法加载模块:Public

[ 2018-01-19T20:30:46+08:00 ] ::1 /Tp3.2carshop/images/er.gif
INFO: [ app_init ] --START--
INFO: Run Behavior\BuildLiteBehavior [ RunTime:0.000107s ]
INFO: [ app_init ] --END-- [ RunTime:0.001963s ]
ERR: 无法加载模块:Images

[ 2018-01-19T20:30:46+08:00 ] ::1 /Tp3.2carshop/Public/Home/style/jbox/jquery.jBox-2.3.min.js
INFO: [ app_init ] --START--
INFO: Run Behavior\BuildLiteBehavior [ RunTime:0.000105s ]
INFO: [ app_init ] --END-- [ RunTime:0.003856s ]
ERR: 无法加载模块:Public

[ 2018-01-19T20:30:46+08:00 ] ::1 /Tp3.2carshop/js/jquery.lightbox-0.5.min.js
INFO: [ app_init ] --START--
INFO: Run Behavior\BuildLiteBehavior [ RunTime:0.000107s ]
INFO: [ app_init ] --END-- [ RunTime:0.002202s ]
ERR: 无法加载模块:Js

[ 2018-01-19T20:30:46+08:00 ] ::1 /Tp3.2carshop/images/er.gif
INFO: [ app_init ] --START--
INFO: Run Behavior\BuildLiteBehavior [ RunTime:0.000122s ]
INFO: [ app_init ] --END-- [ RunTime:0.040019s ]
ERR: 无法加载模块:Images

[ 2018-01-19T20:31:10+08:00 ] ::1 /Tp3.2carshop/Page
INFO: [ app_init ] --START--
INFO: Run Behavior\BuildLiteBehavior [ RunTime:0.000135s ]
INFO: [ app_init ] --END-- [ RunTime:0.026116s ]
ERR: 无法加载模块:Page

[ 2018-01-19T20:31:15+08:00 ] ::1 /Tp3.2carshop/Page/index
INFO: [ app_init ] --START--
INFO: Run Behavior\BuildLiteBehavior [ RunTime:0.000104s ]
INFO: [ app_init ] --END-- [ RunTime:0.002512s ]
ERR: 无法加载模块:Page

[ 2018-01-19T20:31:43+08:00 ] ::1 /Tp3.2carshop/index.php/js/jquery.lightbox-0.5.min.js
INFO: [ app_init ] --START--
INFO: Run Behavior\BuildLiteBehavior [ RunTime:0.000135s ]
INFO: [ app_init ] --END-- [ RunTime:0.002955s ]
ERR: 无法加载模块:Js

[ 2018-01-19T20:31:43+08:00 ] ::1 /Tp3.2carshop/Public/Home/style/validForm/FormValid.js
INFO: [ app_init ] --START--
INFO: Run Behavior\BuildLiteBehavior [ RunTime:0.000110s ]
INFO: [ app_init ] --END-- [ RunTime:0.003376s ]
ERR: 无法加载模块:Public

[ 2018-01-19T20:31:43+08:00 ] ::1 /Tp3.2carshop/Public/Home/style/jbox/jquery.jBox-2.3.min.js
INFO: [ app_init ] --START--
INFO: Run Behavior\BuildLiteBehavior [ RunTime:0.000537s ]
INFO: [ app_init ] --END-- [ RunTime:0.002760s ]
ERR: 无法加载模块:Public

[ 2018-01-19T20:31:43+08:00 ] ::1 /Tp3.2carshop/index.php/images/er.gif
INFO: [ app_init ] --START--
INFO: Run Behavior\BuildLiteBehavior [ RunTime:0.000099s ]
INFO: [ app_init ] --END-- [ RunTime:0.015679s ]
ERR: 无法加载模块:Images

[ 2018-01-19T20:31:43+08:00 ] ::1 /Tp3.2carshop/index.php/js/jquery.lightbox-0.5.min.js
INFO: [ app_init ] --START--
INFO: Run Behavior\BuildLiteBehavior [ RunTime:0.000094s ]
INFO: [ app_init ] --END-- [ RunTime:0.002853s ]
ERR: 无法加载模块:Js

[ 2018-01-19T20:31:43+08:00 ] ::1 /Tp3.2carshop/index.php/images/er.gif
INFO: [ app_init ] --START--
INFO: Run Behavior\BuildLiteBehavior [ RunTime:0.000124s ]
INFO: [ app_init ] --END-- [ RunTime:0.003012s ]
ERR: 无法加载模块:Images

[ 2018-01-19T20:31:50+08:00 ] ::1 /Tp3.2carshop/index.php/Index
INFO: [ app_init ] --START--
INFO: Run Behavior\BuildLiteBehavior [ RunTime:0.000097s ]
INFO: [ app_init ] --END-- [ RunTime:0.001962s ]
ERR: 无法加载模块:Index

[ 2018-01-19T20:32:10+08:00 ] ::1 /Tp3.2carshop/Public/Home/style/validForm/FormValid.js
INFO: [ app_init ] --START--
INFO: Run Behavior\BuildLiteBehavior [ RunTime:0.000292s ]
INFO: [ app_init ] --END-- [ RunTime:0.060757s ]
ERR: 无法加载模块:Public

[ 2018-01-19T20:32:10+08:00 ] ::1 /Tp3.2carshop/Public/Home/style/jbox/jquery.jBox-2.3.min.js
INFO: [ app_init ] --START--
INFO: Run Behavior\BuildLiteBehavior [ RunTime:0.000114s ]
INFO: [ app_init ] --END-- [ RunTime:0.002833s ]
ERR: 无法加载模块:Public

[ 2018-01-19T20:32:10+08:00 ] ::1 /Tp3.2carshop/index.php/js/jquery.lightbox-0.5.min.js
INFO: [ app_init ] --START--
INFO: Run Behavior\BuildLiteBehavior [ RunTime:0.000145s ]
INFO: [ app_init ] --END-- [ RunTime:0.002774s ]
ERR: 无法加载模块:Js

[ 2018-01-19T20:32:11+08:00 ] ::1 /Tp3.2carshop/index.php/images/er.gif
INFO: [ app_init ] --START--
INFO: Run Behavior\BuildLiteBehavior [ RunTime:0.000104s ]
INFO: [ app_init ] --END-- [ RunTime:0.002171s ]
ERR: 无法加载模块:Images

