[ 2018-01-14T20:24:18+08:00 ] ::1 /Tp3.2carshop./Public/Uploads/2016-05-06/572c265c62ab5.jpg
INFO: [ app_init ] --START--
INFO: Run Behavior\BuildLiteBehavior [ RunTime:0.000093s ]
INFO: [ app_init ] --END-- [ RunTime:0.001834s ]
ERR: 无法加载模块:Public

[ 2018-01-14T20:24:18+08:00 ] ::1 /Tp3.2carshop./Public/Uploads/2016-05-06/572c260d27369.jpg
INFO: [ app_init ] --START--
INFO: Run Behavior\BuildLiteBehavior [ RunTime:0.000077s ]
INFO: [ app_init ] --END-- [ RunTime:0.001358s ]
ERR: 无法加载模块:Public

[ 2018-01-14T20:24:18+08:00 ] ::1 /Tp3.2carshop./Public/Uploads/2016-05-06/572c25f280ede.jpg
INFO: [ app_init ] --START--
INFO: Run Behavior\BuildLiteBehavior [ RunTime:0.000252s ]
INFO: [ app_init ] --END-- [ RunTime:0.002047s ]
ERR: 无法加载模块:Public

[ 2018-01-14T20:24:18+08:00 ] ::1 /Tp3.2carshop./Public/Uploads/2016-05-06/572c262a12607.jpg
INFO: [ app_init ] --START--
INFO: Run Behavior\BuildLiteBehavior [ RunTime:0.000133s ]
INFO: [ app_init ] --END-- [ RunTime:0.002886s ]
ERR: 无法加载模块:Public

[ 2018-01-14T20:24:18+08:00 ] ::1 /Tp3.2carshop./Public/Uploads/2016-05-06/572c2644de5d6.jpg
INFO: [ app_init ] --START--
INFO: Run Behavior\BuildLiteBehavior [ RunTime:0.000087s ]
INFO: [ app_init ] --END-- [ RunTime:0.001711s ]
ERR: 无法加载模块:Public

[ 2018-01-14T20:24:21+08:00 ] ::1 /Tp3.2carshop./Public/Uploads/2016-04-27/5720440116c2c.jpg
INFO: [ app_init ] --START--
INFO: Run Behavior\BuildLiteBehavior [ RunTime:0.000114s ]
INFO: [ app_init ] --END-- [ RunTime:0.002440s ]
ERR: 无法加载模块:Public

[ 2018-01-14T20:24:21+08:00 ] ::1 /Tp3.2carshop./Public/Uploads/2016-04-28/5720e25f1d53e.jpg
INFO: [ app_init ] --START--
INFO: Run Behavior\BuildLiteBehavior [ RunTime:0.000094s ]
INFO: [ app_init ] --END-- [ RunTime:0.003157s ]
ERR: 无法加载模块:Public

[ 2018-01-14T20:24:21+08:00 ] ::1 /Tp3.2carshop./Public/Uploads/2016-04-27/5720442390d32.jpg
INFO: [ app_init ] --START--
INFO: Run Behavior\BuildLiteBehavior [ RunTime:0.000096s ]
INFO: [ app_init ] --END-- [ RunTime:0.002625s ]
ERR: 无法加载模块:Public

[ 2018-01-14T20:24:21+08:00 ] ::1 /Tp3.2carshop./Public/Uploads/2016-04-28/5720e284db8d7.jpg
INFO: [ app_init ] --START--
INFO: Run Behavior\BuildLiteBehavior [ RunTime:0.000095s ]
INFO: [ app_init ] --END-- [ RunTime:0.002608s ]
ERR: 无法加载模块:Public

[ 2018-01-14T20:24:21+08:00 ] ::1 /Tp3.2carshop./Public/Uploads/2016-04-28/5720e29cd839b.jpg
INFO: [ app_init ] --START--
INFO: Run Behavior\BuildLiteBehavior [ RunTime:0.000097s ]
INFO: [ app_init ] --END-- [ RunTime:0.002604s ]
ERR: 无法加载模块:Public

[ 2018-01-14T20:24:23+08:00 ] ::1 /Tp3.2carshop./Public/Uploads/2016-05-03/5728bb5fc39d9.jpg
INFO: [ app_init ] --START--
INFO: Run Behavior\BuildLiteBehavior [ RunTime:0.000125s ]
INFO: [ app_init ] --END-- [ RunTime:0.001869s ]
ERR: 无法加载模块:Public

[ 2018-01-14T20:24:23+08:00 ] ::1 /Tp3.2carshop./Public/Uploads/2016-04-07/570650c43db3b.jpg
INFO: [ app_init ] --START--
INFO: Run Behavior\BuildLiteBehavior [ RunTime:0.000098s ]
INFO: [ app_init ] --END-- [ RunTime:0.002022s ]
ERR: 无法加载模块:Public

[ 2018-01-14T20:24:23+08:00 ] ::1 /Tp3.2carshop./Public/Uploads/2016-04-27/572043b5b427e.jpg
INFO: [ app_init ] --START--
INFO: Run Behavior\BuildLiteBehavior [ RunTime:0.000099s ]
INFO: [ app_init ] --END-- [ RunTime:0.001776s ]
ERR: 无法加载模块:Public

[ 2018-01-14T20:24:23+08:00 ] ::1 /Tp3.2carshop./Public/Uploads/2016-04-07/570650c43db3b.jpg
INFO: [ app_init ] --START--
INFO: Run Behavior\BuildLiteBehavior [ RunTime:0.000094s ]
INFO: [ app_init ] --END-- [ RunTime:0.001742s ]
ERR: 无法加载模块:Public

[ 2018-01-14T20:24:23+08:00 ] ::1 /Tp3.2carshop./Public/Uploads/2016-05-03/5728bb5fc39d9.jpg
INFO: [ app_init ] --START--
INFO: Run Behavior\BuildLiteBehavior [ RunTime:0.000095s ]
INFO: [ app_init ] --END-- [ RunTime:0.002461s ]
ERR: 无法加载模块:Public

[ 2018-01-14T20:24:25+08:00 ] ::1 /Tp3.2carshop./Public/Uploads/2016-05-06/572c2644de5d6.jpg
INFO: [ app_init ] --START--
INFO: Run Behavior\BuildLiteBehavior [ RunTime:0.000094s ]
INFO: [ app_init ] --END-- [ RunTime:0.001973s ]
ERR: 无法加载模块:Public

[ 2018-01-14T20:24:25+08:00 ] ::1 /Tp3.2carshop./Public/Uploads/2016-05-06/572c260d27369.jpg
INFO: [ app_init ] --START--
INFO: Run Behavior\BuildLiteBehavior [ RunTime:0.000086s ]
INFO: [ app_init ] --END-- [ RunTime:0.001722s ]
ERR: 无法加载模块:Public

[ 2018-01-14T20:24:25+08:00 ] ::1 /Tp3.2carshop./Public/Uploads/2016-05-06/572c262a12607.jpg
INFO: [ app_init ] --START--
INFO: Run Behavior\BuildLiteBehavior [ RunTime:0.000095s ]
INFO: [ app_init ] --END-- [ RunTime:0.004802s ]
ERR: 无法加载模块:Public

[ 2018-01-14T20:24:25+08:00 ] ::1 /Tp3.2carshop./Public/Uploads/2016-05-06/572c265c62ab5.jpg
INFO: [ app_init ] --START--
INFO: Run Behavior\BuildLiteBehavior [ RunTime:0.000175s ]
INFO: [ app_init ] --END-- [ RunTime:0.012562s ]
ERR: 无法加载模块:Public

[ 2018-01-14T20:24:25+08:00 ] ::1 /Tp3.2carshop./Public/Uploads/2016-05-06/572c25f280ede.jpg
INFO: [ app_init ] --START--
INFO: Run Behavior\BuildLiteBehavior [ RunTime:0.000101s ]
INFO: [ app_init ] --END-- [ RunTime:0.003126s ]
ERR: 无法加载模块:Public

[ 2018-01-14T20:24:35+08:00 ] ::1 /Tp3.2carshop./Public/Uploads/2016-04-27/572043b5b427e.jpg
INFO: [ app_init ] --START--
INFO: Run Behavior\BuildLiteBehavior [ RunTime:0.000128s ]
INFO: [ app_init ] --END-- [ RunTime:0.003764s ]
ERR: 无法加载模块:Public

[ 2018-01-14T20:24:35+08:00 ] ::1 /Tp3.2carshop./Public/Uploads/2016-05-03/5728bb5fc39d9.jpg
INFO: [ app_init ] --START--
INFO: Run Behavior\BuildLiteBehavior [ RunTime:0.000090s ]
INFO: [ app_init ] --END-- [ RunTime:0.001611s ]
ERR: 无法加载模块:Public

[ 2018-01-14T20:24:35+08:00 ] ::1 /Tp3.2carshop./Public/Uploads/2016-04-07/570650c43db3b.jpg
INFO: [ app_init ] --START--
INFO: Run Behavior\BuildLiteBehavior [ RunTime:0.000091s ]
INFO: [ app_init ] --END-- [ RunTime:0.001588s ]
ERR: 无法加载模块:Public

